Start Error Log for today
11/21/2016 11:40:27 AM Err# [5].Des --> The path is not of a legal form.
11/21/2016 11:40:28 AM Err# [5].Des --> The path is not of a legal form.
11/21/2016 11:40:29 AM Err# [5].Des --> The path is not of a legal form.
11/21/2016 11:40:41 AM Err# [5].Des --> The path is not of a legal form.
11/21/2016 11:40:43 AM Err# [5].Des --> The path is not of a legal form.
11/21/2016 11:40:44 AM Err# [5].Des --> The path is not of a legal form.
11/21/2016 11:40:45 AM Err# [5].Des --> The path is not of a legal form.
11/21/2016 11:40:47 AM Err# [5].Des --> The path is not of a legal form.
11/21/2016 11:40:48 AM Err# [5].Des --> The path is not of a legal form.
11/21/2016 11:40:49 AM Err# [5].Des --> The path is not of a legal form.
11/21/2016 11:40:51 AM Err# [5].Des --> The path is not of a legal form.
11/21/2016 11:40:52 AM Err# [5].Des --> The path is not of a legal form.
11/21/2016 11:40:53 AM Err# [5].Des --> The path is not of a legal form.
11/21/2016 11:40:54 AM Err# [5].Des --> The path is not of a legal form.
11/21/2016 11:40:56 AM Err# [5].Des --> The path is not of a legal form.
11/21/2016 11:40:57 AM Err# [5].Des --> The path is not of a legal form.
11/21/2016 11:40:58 AM Err# [5].Des --> The path is not of a legal form.
11/21/2016 11:41:00 AM Err# [5].Des --> The path is not of a legal form.
11/21/2016 11:41:01 AM Err# [5].Des --> The path is not of a legal form.
11/21/2016 11:41:02 AM Err# [5].Des --> The path is not of a legal form.
11/21/2016 11:41:04 AM Err# [5].Des --> The path is not of a legal form.
11/21/2016 11:41:05 AM Err# [5].Des --> The path is not of a legal form.
11/21/2016 11:41:06 AM Err# [5].Des --> The path is not of a legal form.
11/21/2016 11:41:08 AM Err# [5].Des --> The path is not of a legal form.
11/21/2016 11:41:09 AM Err# [5].Des --> The path is not of a legal form.
11/21/2016 11:41:10 AM Err# [5].Des --> The path is not of a legal form.
11/21/2016 11:41:11 AM Err# [5].Des --> The path is not of a legal form.
11/21/2016 11:41:13 AM Err# [5].Des --> The path is not of a legal form.
11/21/2016 11:41:14 AM Err# [5].Des --> The path is not of a legal form.
11/21/2016 11:41:15 AM Err# [5].Des --> The path is not of a legal form.
11/21/2016 11:41:17 AM Err# [5].Des --> The path is not of a legal form.
11/21/2016 11:41:18 AM Err# [5].Des --> The path is not of a legal form.
11/21/2016 11:41:19 AM Err# [5].Des --> The path is not of a legal form.
11/21/2016 11:41:21 AM Err# [5].Des --> The path is not of a legal form.
11/21/2016 11:41:22 AM Err# [5].Des --> The path is not of a legal form.
11/21/2016 11:41:23 AM Err# [5].Des --> The path is not of a legal form.
11/21/2016 11:41:24 AM Err# [5].Des --> The path is not of a legal form.
11/21/2016 11:41:26 AM Err# [5].Des --> The path is not of a legal form.
11/21/2016 11:41:27 AM Err# [5].Des --> The path is not of a legal form.
11/21/2016 11:41:28 AM Err# [5].Des --> The path is not of a legal form.
11/21/2016 11:41:30 AM Err# [5].Des --> The path is not of a legal form.
11/21/2016 11:41:31 AM Err# [5].Des --> The path is not of a legal form.
11/21/2016 11:41:32 AM Err# [5].Des --> The path is not of a legal form.
11/21/2016 11:41:34 AM Err# [5].Des --> The path is not of a legal form.
11/21/2016 11:41:35 AM Err# [5].Des --> The path is not of a legal form.
11/21/2016 11:41:36 AM Err# [5].Des --> The path is not of a legal form.
11/21/2016 11:41:37 AM Err# [5].Des --> The path is not of a legal form.
11/21/2016 11:41:39 AM Err# [5].Des --> The path is not of a legal form.
11/21/2016 11:41:40 AM Err# [5].Des --> The path is not of a legal form.
11/21/2016 11:41:41 AM Err# [5].Des --> The path is not of a legal form.
11/21/2016 11:41:43 AM Err# [5].Des --> The path is not of a legal form.
11/21/2016 11:41:44 AM Err# [5].Des --> The path is not of a legal form.
11/21/2016 11:41:45 AM Err# [5].Des --> The path is not of a legal form.
11/21/2016 11:41:47 AM Err# [5].Des --> The path is not of a legal form.
11/21/2016 11:41:48 AM Err# [5].Des --> The path is not of a legal form.
11/21/2016 11:41:49 AM Err# [5].Des --> The path is not of a legal form.
11/21/2016 11:41:51 AM Err# [5].Des --> The path is not of a legal form.
11/21/2016 11:41:52 AM Err# [5].Des --> The path is not of a legal form.
11/21/2016 11:41:53 AM Err# [5].Des --> The path is not of a legal form.
11/21/2016 11:41:54 AM Err# [5].Des --> The path is not of a legal form.
11/21/2016 11:41:56 AM Err# [5].Des --> The path is not of a legal form.
11/21/2016 11:41:57 AM Err# [5].Des --> The path is not of a legal form.
11/21/2016 11:41:58 AM Err# [5].Des --> The path is not of a legal form.
11/21/2016 11:42:00 AM Err# [5].Des --> The path is not of a legal form.
11/21/2016 11:42:01 AM Err# [5].Des --> The path is not of a legal form.
11/21/2016 11:42:02 AM Err# [5].Des --> The path is not of a legal form.
11/21/2016 11:42:04 AM Err# [5].Des --> The path is not of a legal form.
11/21/2016 11:42:05 AM Err# [5].Des --> The path is not of a legal form.
11/21/2016 11:42:06 AM Err# [5].Des --> The path is not of a legal form.
11/21/2016 11:42:07 AM Err# [5].Des --> The path is not of a legal form.
11/21/2016 11:42:09 AM Err# [5].Des --> The path is not of a legal form.
11/21/2016 11:42:10 AM Err# [5].Des --> The path is not of a legal form.
11/21/2016 11:42:11 AM Err# [5].Des --> The path is not of a legal form.
11/21/2016 11:42:13 AM Err# [5].Des --> The path is not of a legal form.
11/21/2016 11:42:14 AM Err# [5].Des --> The path is not of a legal form.
11/21/2016 11:42:15 AM Err# [5].Des --> The path is not of a legal form.
11/21/2016 11:42:17 AM Err# [5].Des --> The path is not of a legal form.
11/21/2016 11:42:18 AM Err# [5].Des --> The path is not of a legal form.
11/21/2016 11:42:19 AM Err# [5].Des --> The path is not of a legal form.
11/21/2016 11:42:20 AM Err# [5].Des --> The path is not of a legal form.
11/21/2016 11:42:22 AM Err# [5].Des --> The path is not of a legal form.
11/21/2016 11:42:23 AM Err# [5].Des --> The path is not of a legal form.
11/21/2016 11:42:24 AM Err# [5].Des --> The path is not of a legal form.
11/21/2016 11:42:26 AM Err# [5].Des --> The path is not of a legal form.
11/21/2016 11:42:27 AM Err# [5].Des --> The path is not of a legal form.
11/21/2016 11:42:28 AM Err# [5].Des --> The path is not of a legal form.
11/21/2016 11:42:30 AM Err# [5].Des --> The path is not of a legal form.
11/21/2016 11:42:31 AM Err# [5].Des --> The path is not of a legal form.
11/21/2016 11:42:32 AM Err# [5].Des --> The path is not of a legal form.
11/21/2016 11:42:33 AM Err# [5].Des --> The path is not of a legal form.
11/21/2016 11:42:35 AM Err# [5].Des --> The path is not of a legal form.
11/21/2016 11:42:36 AM Err# [5].Des --> The path is not of a legal form.
11/21/2016 11:42:37 AM Err# [5].Des --> The path is not of a legal form.
11/21/2016 11:42:39 AM Err# [5].Des --> The path is not of a legal form.
11/21/2016 11:42:40 AM Err# [5].Des --> The path is not of a legal form.
11/21/2016 11:42:41 AM Err# [5].Des --> The path is not of a legal form.
11/21/2016 11:42:43 AM Err# [5].Des --> The path is not of a legal form.
11/21/2016 11:42:44 AM Err# [5].Des --> The path is not of a legal form.
11/21/2016 11:42:45 AM Err# [5].Des --> The path is not of a legal form.
11/21/2016 11:42:47 AM Err# [5].Des --> The path is not of a legal form.
11/21/2016 11:42:48 AM Err# [5].Des --> The path is not of a legal form.
11/21/2016 11:42:49 AM Err# [5].Des --> The path is not of a legal form.
11/21/2016 11:42:50 AM Err# [5].Des --> The path is not of a legal form.
11/21/2016 11:42:52 AM Err# [5].Des --> The path is not of a legal form.
11/21/2016 11:42:53 AM Err# [5].Des --> The path is not of a legal form.
11/21/2016 11:42:54 AM Err# [5].Des --> The path is not of a legal form.
11/21/2016 11:42:56 AM Err# [5].Des --> The path is not of a legal form.
11/21/2016 11:42:57 AM Err# [5].Des --> The path is not of a legal form.
11/21/2016 11:42:58 AM Err# [5].Des --> The path is not of a legal form.
11/21/2016 11:43:00 AM Err# [5].Des --> The path is not of a legal form.
11/21/2016 11:43:01 AM Err# [5].Des --> The path is not of a legal form.
11/21/2016 11:43:02 AM Err# [5].Des --> The path is not of a legal form.
11/21/2016 11:43:03 AM Err# [5].Des --> The path is not of a legal form.
11/21/2016 11:43:05 AM Err# [5].Des --> The path is not of a legal form.
11/21/2016 11:43:06 AM Err# [5].Des --> The path is not of a legal form.
11/21/2016 11:43:07 AM Err# [5].Des --> The path is not of a legal form.
11/21/2016 11:43:09 AM Err# [5].Des --> The path is not of a legal form.
11/21/2016 11:43:10 AM Err# [5].Des --> The path is not of a legal form.
11/21/2016 11:43:11 AM Err# [5].Des --> The path is not of a legal form.
11/21/2016 11:43:13 AM Err# [5].Des --> The path is not of a legal form.
11/21/2016 11:43:14 AM Err# [5].Des --> The path is not of a legal form.
11/21/2016 11:43:15 AM Err# [5].Des --> The path is not of a legal form.
11/21/2016 11:43:16 AM Err# [5].Des --> The path is not of a legal form.
11/21/2016 11:43:18 AM Err# [5].Des --> The path is not of a legal form.
11/21/2016 11:43:19 AM Err# [5].Des --> The path is not of a legal form.
11/21/2016 11:43:20 AM Err# [5].Des --> The path is not of a legal form.
11/21/2016 11:43:22 AM Err# [5].Des --> The path is not of a legal form.
11/21/2016 11:43:23 AM Err# [5].Des --> The path is not of a legal form.
11/21/2016 11:43:24 AM Err# [5].Des --> The path is not of a legal form.
11/21/2016 11:43:26 AM Err# [5].Des --> The path is not of a legal form.
11/21/2016 11:43:27 AM Err# [5].Des --> The path is not of a legal form.
11/21/2016 11:43:28 AM Err# [5].Des --> The path is not of a legal form.
11/21/2016 11:43:30 AM Err# [5].Des --> The path is not of a legal form.
11/21/2016 11:43:31 AM Err# [5].Des --> The path is not of a legal form.
11/21/2016 11:43:32 AM Err# [5].Des --> The path is not of a legal form.
11/21/2016 11:43:33 AM Err# [5].Des --> The path is not of a legal form.
11/21/2016 11:43:35 AM Err# [5].Des --> The path is not of a legal form.
11/21/2016 11:43:36 AM Err# [5].Des --> The path is not of a legal form.
11/21/2016 11:43:37 AM Err# [5].Des --> The path is not of a legal form.
11/21/2016 11:43:39 AM Err# [5].Des --> The path is not of a legal form.
11/21/2016 11:43:40 AM Err# [5].Des --> The path is not of a legal form.
11/21/2016 11:43:41 AM Err# [5].Des --> The path is not of a legal form.
11/21/2016 11:43:43 AM Err# [5].Des --> The path is not of a legal form.
11/21/2016 11:43:44 AM Err# [5].Des --> The path is not of a legal form.
11/21/2016 11:43:45 AM Err# [5].Des --> The path is not of a legal form.
11/21/2016 11:43:47 AM Err# [5].Des --> The path is not of a legal form.
11/21/2016 11:44:10 AM Err# [5].Des --> The path is not of a legal form.
11/21/2016 11:44:11 AM Err# [5].Des --> The path is not of a legal form.
11/21/2016 11:44:13 AM Err# [5].Des --> The path is not of a legal form.
11/21/2016 11:44:14 AM Err# [5].Des --> The path is not of a legal form.
11/21/2016 11:44:15 AM Err# [5].Des --> The path is not of a legal form.
11/21/2016 11:44:17 AM Err# [5].Des --> The path is not of a legal form.
11/21/2016 12:22:07 PM Err# [76].Des --> Could not find a part of the path 'O:\MY GIT\examples\vb.net\relax\Relax\Relax\bin\Debug\ts'.
11/21/2016 12:25:19 PM Err# [5].Des --> The operation was canceled.
11/21/2016 12:42:49 PM Err# [9].Des --> Index was outside the bounds of the array.
11/21/2016 1:42:19 PM Err# [9].Des --> Index was outside the bounds of the array.
11/21/2016 1:45:53 PM Err# [9].Des --> Index was outside the bounds of the array.
11/21/2016 1:51:00 PM Err# [9].Des --> Index was outside the bounds of the array.
11/21/2016 1:52:47 PM Err# [9].Des --> Index was outside the bounds of the array.
11/21/2016 1:55:27 PM Err# [5].Des --> The operation was canceled.
11/21/2016 1:56:24 PM Err# [9].Des --> Index was outside the bounds of the array.
11/21/2016 2:00:28 PM Err# [9].Des --> Index was outside the bounds of the array.
11/21/2016 2:01:50 PM Err# [9].Des --> Index was outside the bounds of the array.
